<?xml version="1.0" encoding="UTF-8"?>
<!-- Generated by org.testng.reporters.JUnitReportReporter -->
<testsuite hostname="LAPTOP-0KMM1L6H" failures="0" tests="1" name="com.vcentry.testcase.LoginTest" time="1.471" errors="0" timestamp="2024-10-29T08:20:31 IST" skipped="0">
  <testcase classname="com.vcentry.testcase.LoginTest" name="LoginWithValidCredentials" time="1.471"/>
  <system-out/>
</testsuite> <!-- com.vcentry.testcase.LoginTest -->
